Ex1 (OOP) Simulator log: stage input\Ex1_Buildings\B5.json,  out.log
0.0,OOP_Ex1_Elevator_Simulator
0.0,Simulated Building, Building [-10,100]
0) ex1.Elevator_A, Elev_, id,0,  speed, 9.0, open: 1.1111111111111112,  start: 1.6666666666666667, close: 1.1111111111111112,  stop: 1.6666666666666667
1) ex1.Elevator_A, Elev_, id,1,  speed, 7.0, open: 1.4285714285714286,  start: 2.142857142857143, close: 1.4285714285714286,  stop: 2.142857142857143
2) ex1.Elevator_A, Elev_, id,2,  speed, 5.0, open: 2.0,  start: 3.0, close: 2.0,  stop: 3.0
3) ex1.Elevator_A, Elev_, id,3,  speed, 5.0, open: 2.0,  start: 3.0, close: 2.0,  stop: 3.0
4) ex1.Elevator_A, Elev_, id,4,  speed, 3.0, open: 2.0,  start: 3.0, close: 2.0,  stop: 3.0
5) ex1.Elevator_A, Elev_, id,5,  speed, 3.0, open: 2.0,  start: 3.0, close: 2.0,  stop: 3.0
6) ex1.Elevator_A, Elev_, id,6,  speed, 1.5, open: 2.0,  start: 3.0, close: 2.0,  stop: 3.0
7) ex1.Elevator_A, Elev_, id,7,  speed, 9.0, open: 1.1111111111111112,  start: 1.6666666666666667, close: 1.1111111111111112,  stop: 1.6666666666666667
8) ex1.Elevator_A, Elev_, id,8,  speed, 9.0, open: 1.1111111111111112,  start: 1.6666666666666667, close: 1.1111111111111112,  stop: 1.6666666666666667
9) ex1.Elevator_A, Elev_, id,9,  speed, 2.0, open: 2.0,  start: 3.0, close: 2.0,  stop: 3.0

0.0,Simulated Period starTime,0.0,  endTime,1104.1840186,  dt,1.0
0.0,Simulated  calls,Elevator log, size: 100
0.0,**** Simulation starts!! ****
5.0,Elevator call,4.37472729,0,-1,1,0, got allocated to elevator, 0
5.0,Elev,0,  arrived at src, 0, Elevator call,4.37472729,0,-1,2,0
5.0, elevID,0,  pos,0,  cmd, goto,-1
11.0,Elev,0,  arrived at dest, -1, this call is done!, Elevator call,4.37472729,0,-1,3,0, Done, dt, 6.62527271
17.0,Elevator call,16.95788289,-1,0,1,7, got allocated to elevator, 7
17.0, elevID,7,  pos,0,  cmd, goto,-1
23.0,Elevator call,22.0940563,0,-1,1,8, got allocated to elevator, 8
23.0,Elev,7,  arrived at src, -1, Elevator call,16.95788289,-1,0,2,7
23.0, elevID,7,  pos,-1,  cmd, goto,0
23.0,Elev,8,  arrived at src, 0, Elevator call,22.0940563,0,-1,2,8
23.0, elevID,8,  pos,0,  cmd, goto,-1
29.0,Elev,7,  arrived at dest, 0, this call is done!, Elevator call,16.95788289,-1,0,3,7, Done, dt, 12.04211711
29.0,Elev,8,  arrived at dest, -1, this call is done!, Elevator call,22.0940563,0,-1,3,8, Done, dt, 6.905943700000002
86.0,Elevator call,85.52096662,3,2,1,1, got allocated to elevator, 1
86.0, elevID,1,  pos,0,  cmd, goto,3
92.0,Elevator call,91.21019413,-1,-2,1,2, got allocated to elevator, 2
92.0, elevID,2,  pos,0,  cmd, goto,-1
94.0,Elev,1,  arrived at src, 3, Elevator call,85.52096662,3,2,2,1
94.0, elevID,1,  pos,3,  cmd, goto,2
102.0,Elev,1,  arrived at dest, 2, this call is done!, Elevator call,85.52096662,3,2,3,1, Done, dt, 16.479033380000004
103.0,Elev,2,  arrived at src, -1, Elevator call,91.21019413,-1,-2,2,2
103.0, elevID,2,  pos,-1,  cmd, goto,-2
105.0,Elevator call,104.1370124,0,4,1,3, got allocated to elevator, 3
105.0,Elev,3,  arrived at src, 0, Elevator call,104.1370124,0,4,2,3
105.0, elevID,3,  pos,0,  cmd, goto,4
110.0,Elevator call,109.2135291,-1,0,1,4, got allocated to elevator, 4
110.0, elevID,4,  pos,0,  cmd, goto,-1
114.0,Elev,2,  arrived at dest, -2, this call is done!, Elevator call,91.21019413,-1,-2,3,2, Done, dt, 22.789805869999995
115.0,Elevator call,114.392351,3,0,1,5, got allocated to elevator, 5
115.0, elevID,5,  pos,0,  cmd, goto,3
116.0,Elev,3,  arrived at dest, 4, this call is done!, Elevator call,104.1370124,0,4,3,3, Done, dt, 11.862987599999997
121.0,Elev,4,  arrived at src, -1, Elevator call,109.2135291,-1,0,2,4
121.0, elevID,4,  pos,-1,  cmd, goto,0
125.0,Elevator call,124.425571,0,9,1,9, got allocated to elevator, 9
125.0,Elev,9,  arrived at src, 0, Elevator call,124.425571,0,9,2,9
125.0, elevID,9,  pos,0,  cmd, goto,9
126.0,Elev,5,  arrived at src, 3, Elevator call,114.392351,3,0,2,5
126.0, elevID,5,  pos,3,  cmd, goto,0
131.0,Elevator call,130.0249568,8,10,1,6, got allocated to elevator, 6
131.0,Elevator call,130.2249113,-1,1,1,0, got allocated to elevator, 0
131.0,Elev,0,  arrived at src, -1, Elevator call,130.2249113,-1,1,2,0
131.0, elevID,0,  pos,-1,  cmd, goto,1
131.0, elevID,6,  pos,0,  cmd, goto,8
132.0,Elev,4,  arrived at dest, 0, this call is done!, Elevator call,109.2135291,-1,0,3,4, Done, dt, 22.786470899999998
137.0,Elev,0,  arrived at dest, 1, this call is done!, Elevator call,130.2249113,-1,1,3,0, Done, dt, 6.775088699999998
137.0,Elev,5,  arrived at dest, 0, this call is done!, Elevator call,114.392351,3,0,3,5, Done, dt, 22.607648999999995
138.0,Elevator call,137.9515274,0,4,1,7, got allocated to elevator, 7
138.0,Elev,7,  arrived at src, 0, Elevator call,137.9515274,0,4,2,7
138.0, elevID,7,  pos,0,  cmd, goto,4
140.0,Elev,9,  arrived at dest, 9, this call is done!, Elevator call,124.425571,0,9,3,9, Done, dt, 15.574428999999995
144.0,Elevator call,143.9133584,0,6,1,8, got allocated to elevator, 8
144.0,Elev,7,  arrived at dest, 4, this call is done!, Elevator call,137.9515274,0,4,3,7, Done, dt, 6.048472599999997
144.0, elevID,8,  pos,-1,  cmd, goto,0
147.0,Elev,6,  arrived at src, 8, Elevator call,130.0249568,8,10,2,6
147.0, elevID,6,  pos,8,  cmd, goto,10
150.0,Elev,8,  arrived at src, 0, Elevator call,143.9133584,0,6,2,8
150.0, elevID,8,  pos,0,  cmd, goto,6
157.0,Elev,8,  arrived at dest, 6, this call is done!, Elevator call,143.9133584,0,6,3,8, Done, dt, 13.086641600000007
159.0,Elev,6,  arrived at dest, 10, this call is done!, Elevator call,130.0249568,8,10,3,6, Done, dt, 28.975043199999988
170.0,Elevator call,169.7845834,-1,0,1,1, got allocated to elevator, 1
170.0, elevID,1,  pos,2,  cmd, goto,-1
171.0,Elevator call,170.0099621,0,6,1,1, got allocated to elevator, 1
, elevID,1,  pos,2,  cmd, stop,0
172.0,Elevator call,171.2117332,-1,8,1,1, got allocated to elevator, 1
175.0,Elevator call,174.8438515,0,-1,1,2, got allocated to elevator, 2
175.0, elevID,2,  pos,-2,  cmd, goto,0
178.0,Elev,1,  arrived at src, 0, Elevator call,170.0099621,0,6,2,1
178.0, elevID,1,  pos,0,  cmd, goto,-1
186.0,Elev,1,  arrived at src, -1, Elevator call,169.7845834,-1,0,2,1
186.0,Elev,1,  arrived at src, -1, Elevator call,171.2117332,-1,8,2,1
186.0, elevID,1,  pos,-1,  cmd, goto,0
186.0,Elev,2,  arrived at src, 0, Elevator call,174.8438515,0,-1,2,2
186.0, elevID,2,  pos,0,  cmd, goto,-1
188.0,Elevator call,187.1167862,-1,-2,1,3, got allocated to elevator, 3
188.0,Elevator call,187.7299318,-1,-2,1,3, got allocated to elevator, 3
188.0, elevID,3,  pos,4,  cmd, goto,-1
194.0,Elev,1,  arrived at dest, 0, this call is done!, Elevator call,169.7845834,-1,0,3,1, Done, dt, 24.215416599999998
194.0, elevID,1,  pos,0,  cmd, goto,6
196.0,Elevator call,195.9086965,0,7,1,4, got allocated to elevator, 4
196.0,Elev,4,  arrived at src, 0, Elevator call,195.9086965,0,7,2,4
196.0, elevID,4,  pos,0,  cmd, goto,7
197.0,Elev,2,  arrived at dest, -1, this call is done!, Elevator call,174.8438515,0,-1,3,2, Done, dt, 22.1561485
198.0,Elevator call,197.5359191,-1,1,1,5, got allocated to elevator, 5
198.0, elevID,5,  pos,0,  cmd, goto,-1
199.0,Elev,3,  arrived at src, -1, Elevator call,187.1167862,-1,-2,2,3
199.0,Elev,3,  arrived at src, -1, Elevator call,187.7299318,-1,-2,2,3
199.0, elevID,3,  pos,-1,  cmd, goto,-2
202.0,Elev,1,  arrived at dest, 6, this call is done!, Elevator call,170.0099621,0,6,3,1, Done, dt, 31.990037900000004
202.0, elevID,1,  pos,6,  cmd, goto,8
206.0,Elevator call,205.9895199,-1,0,1,0, got allocated to elevator, 0
206.0, elevID,0,  pos,1,  cmd, goto,-1
209.0,Elev,4,  arrived at dest, 7, this call is done!, Elevator call,195.9086965,0,7,3,4, Done, dt, 13.09130350000001
209.0,Elev,5,  arrived at src, -1, Elevator call,197.5359191,-1,1,2,5
209.0, elevID,5,  pos,-1,  cmd, goto,1
210.0,Elev,1,  arrived at dest, 8, this call is done!, Elevator call,171.2117332,-1,8,3,1, Done, dt, 38.7882668
210.0,Elev,3,  arrived at dest, -2, this call is done!, Elevator call,187.1167862,-1,-2,3,3, Done, dt, 22.883213799999993
210.0,Elev,3,  arrived at dest, -2, this call is done!, Elevator call,187.7299318,-1,-2,3,3, Done, dt, 22.270068199999997
212.0,Elev,0,  arrived at src, -1, Elevator call,205.9895199,-1,0,2,0
212.0, elevID,0,  pos,-1,  cmd, goto,0
218.0,Elev,0,  arrived at dest, 0, this call is done!, Elevator call,205.9895199,-1,0,3,0, Done, dt, 12.010480099999995
220.0,Elev,5,  arrived at dest, 1, this call is done!, Elevator call,197.5359191,-1,1,3,5, Done, dt, 22.4640809
228.0,Elevator call,227.0798305,-1,5,1,9, got allocated to elevator, 9
228.0, elevID,9,  pos,9,  cmd, goto,-1
232.0,Elevator call,231.5157882,-1,0,1,7, got allocated to elevator, 7
232.0, elevID,7,  pos,4,  cmd, goto,-1
233.0,Elevator call,232.9504362,0,-1,1,8, got allocated to elevator, 8
233.0, elevID,8,  pos,6,  cmd, goto,0
239.0,Elev,7,  arrived at src, -1, Elevator call,231.5157882,-1,0,2,7
239.0, elevID,7,  pos,-1,  cmd, goto,0
240.0,Elev,8,  arrived at src, 0, Elevator call,232.9504362,0,-1,2,8
240.0, elevID,8,  pos,0,  cmd, goto,-1
243.0,Elev,9,  arrived at src, -1, Elevator call,227.0798305,-1,5,2,9
243.0, elevID,9,  pos,-1,  cmd, goto,5
245.0,Elev,7,  arrived at dest, 0, this call is done!, Elevator call,231.5157882,-1,0,3,7, Done, dt, 13.484211799999997
246.0,Elev,8,  arrived at dest, -1, this call is done!, Elevator call,232.9504362,0,-1,3,8, Done, dt, 13.049563799999987
252.0,Elevator call,251.1044469,-1,-2,1,6, got allocated to elevator, 6
252.0,Elevator call,251.2359335,0,9,1,2, got allocated to elevator, 2
252.0, elevID,2,  pos,-1,  cmd, goto,0
252.0, elevID,6,  pos,10,  cmd, goto,-1
255.0,Elevator call,254.6977153,3,4,1,2, got allocated to elevator, 2
256.0,Elev,9,  arrived at dest, 5, this call is done!, Elevator call,227.0798305,-1,5,3,9, Done, dt, 28.920169499999986
258.0,Elevator call,257.7974435,-1,0,1,1, got allocated to elevator, 1
258.0, elevID,1,  pos,8,  cmd, goto,-1
263.0,Elev,2,  arrived at src, 0, Elevator call,251.2359335,0,9,2,2
263.0, elevID,2,  pos,0,  cmd, goto,3
267.0,Elev,1,  arrived at src, -1, Elevator call,257.7974435,-1,0,2,1
267.0, elevID,1,  pos,-1,  cmd, goto,0
270.0,Elev,6,  arrived at src, -1, Elevator call,251.1044469,-1,-2,2,6
270.0, elevID,6,  pos,-1,  cmd, goto,-2
274.0,Elev,2,  arrived at src, 3, Elevator call,254.6977153,3,4,2,2
274.0, elevID,2,  pos,3,  cmd, goto,4
275.0,Elev,1,  arrived at dest, 0, this call is done!, Elevator call,257.7974435,-1,0,3,1, Done, dt, 17.202556500000014
281.0,Elev,6,  arrived at dest, -2, this call is done!, Elevator call,251.1044469,-1,-2,3,6, Done, dt, 29.8955531
285.0,Elev,2,  arrived at dest, 4, this call is done!, Elevator call,254.6977153,3,4,3,2, Done, dt, 30.3022847
285.0, elevID,2,  pos,4,  cmd, goto,9
296.0,Elevator call,295.7943357,0,1,1,3, got allocated to elevator, 3
296.0,Elev,2,  arrived at dest, 9, this call is done!, Elevator call,251.2359335,0,9,3,2, Done, dt, 44.76406650000001
296.0, elevID,3,  pos,-2,  cmd, goto,0
305.0,Elevator call,304.9984388,6,0,1,0, got allocated to elevator, 0
305.0, elevID,0,  pos,0,  cmd, goto,6
307.0,Elev,3,  arrived at src, 0, Elevator call,295.7943357,0,1,2,3
307.0, elevID,3,  pos,0,  cmd, goto,1
310.0,Elevator call,309.3005383,0,-1,1,4, got allocated to elevator, 4
310.0, elevID,4,  pos,7,  cmd, goto,0
312.0,Elev,0,  arrived at src, 6, Elevator call,304.9984388,6,0,2,0
312.0, elevID,0,  pos,6,  cmd, goto,0
313.0,Elevator call,312.3018556,0,-1,1,4, got allocated to elevator, 4
317.0,Elevator call,316.0323783,0,-1,1,5, got allocated to elevator, 5
317.0, elevID,5,  pos,1,  cmd, goto,0
318.0,Elev,3,  arrived at dest, 1, this call is done!, Elevator call,295.7943357,0,1,3,3, Done, dt, 22.205664300000024
319.0,Elev,0,  arrived at dest, 0, this call is done!, Elevator call,304.9984388,6,0,3,0, Done, dt, 14.001561200000026
320.0,Elevator call,319.905202,6,5,1,8, got allocated to elevator, 8
320.0, elevID,8,  pos,-1,  cmd, goto,6
321.0,Elevator call,320.9760749,-1,0,1,7, got allocated to elevator, 7
321.0, elevID,7,  pos,0,  cmd, goto,-1
322.0,Elevator call,321.370409,7,-1,1,9, got allocated to elevator, 9
322.0, elevID,9,  pos,5,  cmd, goto,7
323.0,Elev,4,  arrived at src, 0, Elevator call,309.3005383,0,-1,2,4
323.0,Elev,4,  arrived at src, 0, Elevator call,312.3018556,0,-1,2,4
323.0, elevID,4,  pos,0,  cmd, goto,-1
327.0,Elev,7,  arrived at src, -1, Elevator call,320.9760749,-1,0,2,7
327.0, elevID,7,  pos,-1,  cmd, goto,0
327.0,Elev,8,  arrived at src, 6, Elevator call,319.905202,6,5,2,8
327.0, elevID,8,  pos,6,  cmd, goto,5
328.0,Elev,5,  arrived at src, 0, Elevator call,316.0323783,0,-1,2,5
328.0, elevID,5,  pos,0,  cmd, goto,-1
333.0,Elevator call,332.4267319,0,10,1,1, got allocated to elevator, 1
333.0,Elev,1,  arrived at src, 0, Elevator call,332.4267319,0,10,2,1
333.0, elevID,1,  pos,0,  cmd, goto,10
333.0,Elev,7,  arrived at dest, 0, this call is done!, Elevator call,320.9760749,-1,0,3,7, Done, dt, 12.023925099999985
333.0,Elev,8,  arrived at dest, 5, this call is done!, Elevator call,319.905202,6,5,3,8, Done, dt, 13.094798000000026
333.0,Elev,9,  arrived at src, 7, Elevator call,321.370409,7,-1,2,9
333.0, elevID,9,  pos,7,  cmd, goto,-1
334.0,Elev,4,  arrived at dest, -1, this call is done!, Elevator call,309.3005383,0,-1,3,4, Done, dt, 24.699461699999972
334.0,Elev,4,  arrived at dest, -1, this call is done!, Elevator call,312.3018556,0,-1,3,4, Done, dt, 21.69814439999999
337.0,Elevator call,336.9304305,-1,0,1,6, got allocated to elevator, 6
337.0, elevID,6,  pos,-2,  cmd, goto,-1
339.0,Elev,5,  arrived at dest, -1, this call is done!, Elevator call,316.0323783,0,-1,3,5, Done, dt, 22.967621699999995
342.0,Elev,1,  arrived at dest, 10, this call is done!, Elevator call,332.4267319,0,10,3,1, Done, dt, 9.573268100000007
347.0,Elev,9,  arrived at dest, -1, this call is done!, Elevator call,321.370409,7,-1,3,9, Done, dt, 25.629591000000005
348.0,Elev,6,  arrived at src, -1, Elevator call,336.9304305,-1,0,2,6
348.0, elevID,6,  pos,-1,  cmd, goto,0
359.0,Elev,6,  arrived at dest, 0, this call is done!, Elevator call,336.9304305,-1,0,3,6, Done, dt, 22.0695695
376.0,Elevator call,375.490481,1,0,1,2, got allocated to elevator, 2
376.0, elevID,2,  pos,9,  cmd, goto,1
388.0,Elev,2,  arrived at src, 1, Elevator call,375.490481,1,0,2,2
388.0, elevID,2,  pos,1,  cmd, goto,0
393.0,Elevator call,392.5160765,0,5,1,0, got allocated to elevator, 0
393.0,Elev,0,  arrived at src, 0, Elevator call,392.5160765,0,5,2,0
393.0, elevID,0,  pos,0,  cmd, goto,5
399.0,Elev,2,  arrived at dest, 0, this call is done!, Elevator call,375.490481,1,0,3,2, Done, dt, 23.50951900000001
400.0,Elev,0,  arrived at dest, 5, this call is done!, Elevator call,392.5160765,0,5,3,0, Done, dt, 7.483923500000003
406.0,Elevator call,405.1821141,-1,10,1,3, got allocated to elevator, 3
406.0, elevID,3,  pos,1,  cmd, goto,-1
417.0,Elev,3,  arrived at src, -1, Elevator call,405.1821141,-1,10,2,3
417.0, elevID,3,  pos,-1,  cmd, goto,10
427.0,Elevator call,426.8615805,2,0,1,8, got allocated to elevator, 8
427.0, elevID,8,  pos,5,  cmd, goto,2
430.0,Elev,3,  arrived at dest, 10, this call is done!, Elevator call,405.1821141,-1,10,3,3, Done, dt, 24.81788590000002
433.0,Elev,8,  arrived at src, 2, Elevator call,426.8615805,2,0,2,8
433.0, elevID,8,  pos,2,  cmd, goto,0
438.0,Elevator call,437.1711158,1,0,1,5, got allocated to elevator, 5
438.0, elevID,5,  pos,-1,  cmd, goto,1
439.0,Elev,8,  arrived at dest, 0, this call is done!, Elevator call,426.8615805,2,0,3,8, Done, dt, 12.138419499999998
449.0,Elev,5,  arrived at src, 1, Elevator call,437.1711158,1,0,2,5
449.0, elevID,5,  pos,1,  cmd, goto,0
460.0,Elev,5,  arrived at dest, 0, this call is done!, Elevator call,437.1711158,1,0,3,5, Done, dt, 22.828884200000005
473.0,Elevator call,472.7445474,10,-1,1,7, got allocated to elevator, 7
473.0, elevID,7,  pos,0,  cmd, goto,10
480.0,Elev,7,  arrived at src, 10, Elevator call,472.7445474,10,-1,2,7
480.0, elevID,7,  pos,10,  cmd, goto,-1
487.0,Elev,7,  arrived at dest, -1, this call is done!, Elevator call,472.7445474,10,-1,3,7, Done, dt, 14.255452600000012
501.0,Elevator call,500.3712045,8,-1,1,4, got allocated to elevator, 4
501.0, elevID,4,  pos,-1,  cmd, goto,8
504.0,Elevator call,503.1384784,1,-1,1,9, got allocated to elevator, 9
504.0, elevID,9,  pos,-1,  cmd, goto,1
505.0,Elevator call,504.4317942,0,-1,1,1, got allocated to elevator, 1
505.0, elevID,1,  pos,10,  cmd, goto,0
514.0,Elev,1,  arrived at src, 0, Elevator call,504.4317942,0,-1,2,1
514.0, elevID,1,  pos,0,  cmd, goto,-1
514.0,Elev,4,  arrived at src, 8, Elevator call,500.3712045,8,-1,2,4
514.0, elevID,4,  pos,8,  cmd, goto,-1
515.0,Elev,9,  arrived at src, 1, Elevator call,503.1384784,1,-1,2,9
515.0, elevID,9,  pos,1,  cmd, goto,-1
522.0,Elev,1,  arrived at dest, -1, this call is done!, Elevator call,504.4317942,0,-1,3,1, Done, dt, 17.568205799999987
526.0,Elev,9,  arrived at dest, -1, this call is done!, Elevator call,503.1384784,1,-1,3,9, Done, dt, 22.861521600000003
527.0,Elev,4,  arrived at dest, -1, this call is done!, Elevator call,500.3712045,8,-1,3,4, Done, dt, 26.628795500000024
530.0,Elevator call,529.6277472,3,-1,1,6, got allocated to elevator, 6
530.0, elevID,6,  pos,0,  cmd, goto,3
538.0,Elevator call,537.7866884,-1,6,1,2, got allocated to elevator, 2
538.0, elevID,2,  pos,0,  cmd, goto,-1
542.0,Elev,6,  arrived at src, 3, Elevator call,529.6277472,3,-1,2,6
542.0, elevID,6,  pos,3,  cmd, goto,-1
545.0,Elevator call,544.7880392,6,-1,1,0, got allocated to elevator, 0
545.0, elevID,0,  pos,5,  cmd, goto,6
549.0,Elev,2,  arrived at src, -1, Elevator call,537.7866884,-1,6,2,2
549.0, elevID,2,  pos,-1,  cmd, goto,6
551.0,Elev,0,  arrived at src, 6, Elevator call,544.7880392,6,-1,2,0
551.0, elevID,0,  pos,6,  cmd, goto,-1
555.0,Elevator call,554.0892923,4,0,1,3, got allocated to elevator, 3
555.0, elevID,3,  pos,10,  cmd, goto,4
555.0,Elev,6,  arrived at dest, -1, this call is done!, Elevator call,529.6277472,3,-1,3,6, Done, dt, 25.372252799999956
558.0,Elevator call,557.244139,10,0,1,8, got allocated to elevator, 8
558.0,Elev,0,  arrived at dest, -1, this call is done!, Elevator call,544.7880392,6,-1,3,0, Done, dt, 13.211960800000043
558.0, elevID,8,  pos,0,  cmd, goto,10
561.0,Elev,2,  arrived at dest, 6, this call is done!, Elevator call,537.7866884,-1,6,3,2, Done, dt, 23.213311599999997
565.0,Elev,8,  arrived at src, 10, Elevator call,557.244139,10,0,2,8
565.0, elevID,8,  pos,10,  cmd, goto,0
566.0,Elevator call,565.0195522,0,-1,1,5, got allocated to elevator, 5
566.0,Elev,5,  arrived at src, 0, Elevator call,565.0195522,0,-1,2,5
566.0, elevID,5,  pos,0,  cmd, goto,-1
567.0,Elev,3,  arrived at src, 4, Elevator call,554.0892923,4,0,2,3
567.0, elevID,3,  pos,4,  cmd, goto,0
572.0,Elev,8,  arrived at dest, 0, this call is done!, Elevator call,557.244139,10,0,3,8, Done, dt, 14.755860999999982
577.0,Elev,5,  arrived at dest, -1, this call is done!, Elevator call,565.0195522,0,-1,3,5, Done, dt, 11.980447799999979
578.0,Elev,3,  arrived at dest, 0, this call is done!, Elevator call,554.0892923,4,0,3,3, Done, dt, 23.91070769999999
582.0,Elevator call,581.870309,0,3,1,7, got allocated to elevator, 7
582.0, elevID,7,  pos,-1,  cmd, goto,0
588.0,Elev,7,  arrived at src, 0, Elevator call,581.870309,0,3,2,7
588.0, elevID,7,  pos,0,  cmd, goto,3
594.0,Elev,7,  arrived at dest, 3, this call is done!, Elevator call,581.870309,0,3,3,7, Done, dt, 12.12969099999998
597.0,Elevator call,596.1232023,8,0,1,4, got allocated to elevator, 4
597.0, elevID,4,  pos,-1,  cmd, goto,8
601.0,Elevator call,600.931288,1,0,1,9, got allocated to elevator, 9
601.0, elevID,9,  pos,-1,  cmd, goto,1
604.0,Elevator call,603.9342327,7,0,1,1, got allocated to elevator, 1
604.0, elevID,1,  pos,-1,  cmd, goto,7
610.0,Elev,4,  arrived at src, 8, Elevator call,596.1232023,8,0,2,4
610.0, elevID,4,  pos,8,  cmd, goto,0
612.0,Elev,9,  arrived at src, 1, Elevator call,600.931288,1,0,2,9
612.0, elevID,9,  pos,1,  cmd, goto,0
613.0,Elev,1,  arrived at src, 7, Elevator call,603.9342327,7,0,2,1
613.0, elevID,1,  pos,7,  cmd, goto,0
618.0,Elevator call,617.9628339,0,3,1,6, got allocated to elevator, 6
618.0, elevID,6,  pos,-1,  cmd, goto,0
620.0,Elevator call,619.6454197,9,0,1,0, got allocated to elevator, 0
620.0, elevID,0,  pos,-1,  cmd, goto,9
622.0,Elev,1,  arrived at dest, 0, this call is done!, Elevator call,603.9342327,7,0,3,1, Done, dt, 18.065767299999948
623.0,Elev,4,  arrived at dest, 0, this call is done!, Elevator call,596.1232023,8,0,3,4, Done, dt, 26.876797699999997
623.0,Elev,9,  arrived at dest, 0, this call is done!, Elevator call,600.931288,1,0,3,9, Done, dt, 22.068712000000005
627.0,Elevator call,626.2116172,0,1,1,2, got allocated to elevator, 2
627.0,Elev,0,  arrived at src, 9, Elevator call,619.6454197,9,0,2,0
627.0, elevID,0,  pos,9,  cmd, goto,0
627.0, elevID,2,  pos,6,  cmd, goto,0
629.0,Elev,6,  arrived at src, 0, Elevator call,617.9628339,0,3,2,6
629.0, elevID,6,  pos,0,  cmd, goto,3
634.0,Elev,0,  arrived at dest, 0, this call is done!, Elevator call,619.6454197,9,0,3,0, Done, dt, 14.354580299999952
639.0,Elev,2,  arrived at src, 0, Elevator call,626.2116172,0,1,2,2
639.0, elevID,2,  pos,0,  cmd, goto,1
641.0,Elev,6,  arrived at dest, 3, this call is done!, Elevator call,617.9628339,0,3,3,6, Done, dt, 23.037166100000036
644.0,Elevator call,643.8547515,-1,2,1,8, got allocated to elevator, 8
644.0, elevID,8,  pos,0,  cmd, goto,-1
650.0,Elev,2,  arrived at dest, 1, this call is done!, Elevator call,626.2116172,0,1,3,2, Done, dt, 23.788382800000022
650.0,Elev,8,  arrived at src, -1, Elevator call,643.8547515,-1,2,2,8
650.0, elevID,8,  pos,-1,  cmd, goto,2
656.0,Elev,8,  arrived at dest, 2, this call is done!, Elevator call,643.8547515,-1,2,3,8, Done, dt, 12.14524849999998
661.0,Elevator call,660.0732908,6,10,1,3, got allocated to elevator, 3
661.0, elevID,3,  pos,0,  cmd, goto,6
662.0,Elevator call,661.042082,-1,3,1,3, got allocated to elevator, 3
663.0,Elevator call,662.1730528,-1,5,1,5, got allocated to elevator, 5
663.0,Elev,5,  arrived at src, -1, Elevator call,662.1730528,-1,5,2,5
663.0, elevID,5,  pos,-1,  cmd, goto,5
666.0,Elevator call,665.1155549,-1,8,1,5, got allocated to elevator, 5
666.0, elevID,5,  pos,-1,  cmd, stop,-1
667.0,Elevator call,666.0340295,4,0,1,7, got allocated to elevator, 7
667.0,Elevator call,666.2411587,5,-1,1,7, got allocated to elevator, 7
667.0, elevID,7,  pos,3,  cmd, goto,4
673.0,Elevator call,672.6773142,0,-1,1,1, got allocated to elevator, 1
673.0,Elev,1,  arrived at src, 0, Elevator call,672.6773142,0,-1,2,1
673.0, elevID,1,  pos,0,  cmd, goto,-1
673.0,Elev,3,  arrived at src, 6, Elevator call,660.0732908,6,10,2,3
673.0, elevID,3,  pos,6,  cmd, goto,10
673.0,Elev,5,  arrived at src, -1, Elevator call,665.1155549,-1,8,2,5
673.0, elevID,5,  pos,-1,  cmd, goto,5
673.0,Elev,7,  arrived at src, 4, Elevator call,666.0340295,4,0,2,7
673.0, elevID,7,  pos,4,  cmd, goto,5
678.0,Elevator call,677.7341948,0,-1,1,4, got allocated to elevator, 4
678.0,Elev,4,  arrived at src, 0, Elevator call,677.7341948,0,-1,2,4
678.0, elevID,4,  pos,0,  cmd, goto,-1
679.0,Elevator call,678.9953585,-1,-2,1,9, got allocated to elevator, 9
679.0,Elev,7,  arrived at src, 5, Elevator call,666.2411587,5,-1,2,7
679.0, elevID,7,  pos,5,  cmd, goto,0
679.0, elevID,9,  pos,0,  cmd, goto,-1
681.0,Elev,1,  arrived at dest, -1, this call is done!, Elevator call,672.6773142,0,-1,3,1, Done, dt, 8.322685800000045
684.0,Elev,3,  arrived at dest, 10, this call is done!, Elevator call,660.0732908,6,10,3,3, Done, dt, 23.926709200000005
684.0, elevID,3,  pos,10,  cmd, goto,-1
685.0,Elev,5,  arrived at dest, 5, this call is done!, Elevator call,662.1730528,-1,5,3,5, Done, dt, 22.82694719999995
685.0, elevID,5,  pos,5,  cmd, goto,8
686.0,Elev,7,  arrived at dest, 0, this call is done!, Elevator call,666.0340295,4,0,3,7, Done, dt, 19.965970500000026
686.0, elevID,7,  pos,0,  cmd, goto,-1
689.0,Elev,4,  arrived at dest, -1, this call is done!, Elevator call,677.7341948,0,-1,3,4, Done, dt, 11.265805200000045
690.0,Elev,9,  arrived at src, -1, Elevator call,678.9953585,-1,-2,2,9
690.0, elevID,9,  pos,-1,  cmd, goto,-2
692.0,Elev,7,  arrived at dest, -1, this call is done!, Elevator call,666.2411587,5,-1,3,7, Done, dt, 25.758841299999972
696.0,Elevator call,695.2239882,0,10,1,0, got allocated to elevator, 0
696.0,Elev,0,  arrived at src, 0, Elevator call,695.2239882,0,10,2,0
696.0, elevID,0,  pos,0,  cmd, goto,10
696.0,Elev,5,  arrived at dest, 8, this call is done!, Elevator call,665.1155549,-1,8,3,5, Done, dt, 30.884445099999994
697.0,Elev,3,  arrived at src, -1, Elevator call,661.042082,-1,3,2,3
697.0, elevID,3,  pos,-1,  cmd, goto,3
701.0,Elev,9,  arrived at dest, -2, this call is done!, Elevator call,678.9953585,-1,-2,3,9, Done, dt, 22.004641500000048
703.0,Elev,0,  arrived at dest, 10, this call is done!, Elevator call,695.2239882,0,10,3,0, Done, dt, 7.776011799999992
707.0,Elevator call,706.1583475,-1,-2,1,6, got allocated to elevator, 6
707.0, elevID,6,  pos,3,  cmd, goto,-1
708.0,Elev,3,  arrived at dest, 3, this call is done!, Elevator call,661.042082,-1,3,3,3, Done, dt, 46.95791799999995
711.0,Elevator call,710.324977,0,1,1,2, got allocated to elevator, 2
711.0, elevID,2,  pos,1,  cmd, goto,0
714.0,Elevator call,713.0191971,1,0,1,8, got allocated to elevator, 8
714.0,Elevator call,713.2499766,10,-1,1,8, got allocated to elevator, 8
714.0, elevID,8,  pos,2,  cmd, goto,10
720.0,Elev,6,  arrived at src, -1, Elevator call,706.1583475,-1,-2,2,6
720.0, elevID,6,  pos,-1,  cmd, goto,-2
721.0,Elev,8,  arrived at src, 10, Elevator call,713.2499766,10,-1,2,8
721.0, elevID,8,  pos,10,  cmd, goto,1
722.0,Elev,2,  arrived at src, 0, Elevator call,710.324977,0,1,2,2
722.0, elevID,2,  pos,0,  cmd, goto,1
723.0,Elevator call,722.6161213,10,0,1,7, got allocated to elevator, 7
723.0, elevID,7,  pos,-1,  cmd, goto,10
728.0,Elevator call,727.5146029,-1,0,1,3, got allocated to elevator, 3
728.0, elevID,3,  pos,3,  cmd, goto,-1
728.0,Elev,8,  arrived at src, 1, Elevator call,713.0191971,1,0,2,8
728.0, elevID,8,  pos,1,  cmd, goto,0
730.0,Elev,7,  arrived at src, 10, Elevator call,722.6161213,10,0,2,7
730.0, elevID,7,  pos,10,  cmd, goto,0
731.0,Elev,6,  arrived at dest, -2, this call is done!, Elevator call,706.1583475,-1,-2,3,6, Done, dt, 24.84165250000001
733.0,Elevator call,732.9746341,6,-1,1,1, got allocated to elevator, 1
733.0, elevID,1,  pos,-1,  cmd, goto,6
733.0,Elev,2,  arrived at dest, 1, this call is done!, Elevator call,710.324977,0,1,3,2, Done, dt, 22.67502300000001
734.0,Elev,8,  arrived at dest, 0, this call is done!, Elevator call,713.0191971,1,0,3,8, Done, dt, 20.980802899999958
734.0, elevID,8,  pos,0,  cmd, goto,-1
737.0,Elev,7,  arrived at dest, 0, this call is done!, Elevator call,722.6161213,10,0,3,7, Done, dt, 14.383878699999968
738.0,Elevator call,737.3147202,1,0,1,5, got allocated to elevator, 5
738.0, elevID,5,  pos,8,  cmd, goto,1
739.0,Elev,3,  arrived at src, -1, Elevator call,727.5146029,-1,0,2,3
739.0, elevID,3,  pos,-1,  cmd, goto,0
740.0,Elev,8,  arrived at dest, -1, this call is done!, Elevator call,713.2499766,10,-1,3,8, Done, dt, 26.750023400000032
742.0,Elev,1,  arrived at src, 6, Elevator call,732.9746341,6,-1,2,1
742.0, elevID,1,  pos,6,  cmd, goto,-1
750.0,Elev,3,  arrived at dest, 0, this call is done!, Elevator call,727.5146029,-1,0,3,3, Done, dt, 22.4853971
751.0,Elev,1,  arrived at dest, -1, this call is done!, Elevator call,732.9746341,6,-1,3,1, Done, dt, 18.025365899999997
751.0,Elev,5,  arrived at src, 1, Elevator call,737.3147202,1,0,2,5
751.0, elevID,5,  pos,1,  cmd, goto,0
762.0,Elev,5,  arrived at dest, 0, this call is done!, Elevator call,737.3147202,1,0,3,5, Done, dt, 24.68527979999999
780.0,Elevator call,779.3996914,-1,5,1,9, got allocated to elevator, 9
780.0, elevID,9,  pos,-2,  cmd, goto,-1
791.0,Elev,9,  arrived at src, -1, Elevator call,779.3996914,-1,5,2,9
791.0, elevID,9,  pos,-1,  cmd, goto,5
804.0,Elev,9,  arrived at dest, 5, this call is done!, Elevator call,779.3996914,-1,5,3,9, Done, dt, 24.60030859999995
806.0,Elevator call,805.6754743,-1,-2,1,4, got allocated to elevator, 4
806.0,Elev,4,  arrived at src, -1, Elevator call,805.6754743,-1,-2,2,4
806.0, elevID,4,  pos,-1,  cmd, goto,-2
811.0,Elevator call,810.4469089,2,0,1,0, got allocated to elevator, 0
811.0, elevID,0,  pos,10,  cmd, goto,2
817.0,Elevator call,816.1516998,7,-1,1,8, got allocated to elevator, 8
817.0,Elev,4,  arrived at dest, -2, this call is done!, Elevator call,805.6754743,-1,-2,3,4, Done, dt, 11.324525699999981
817.0, elevID,8,  pos,-1,  cmd, goto,7
818.0,Elev,0,  arrived at src, 2, Elevator call,810.4469089,2,0,2,0
818.0, elevID,0,  pos,2,  cmd, goto,0
824.0,Elev,0,  arrived at dest, 0, this call is done!, Elevator call,810.4469089,2,0,3,0, Done, dt, 13.55309109999996
824.0,Elev,8,  arrived at src, 7, Elevator call,816.1516998,7,-1,2,8
824.0, elevID,8,  pos,7,  cmd, goto,-1
826.0,Elevator call,825.4575185,7,0,1,2, got allocated to elevator, 2
826.0, elevID,2,  pos,1,  cmd, goto,7
831.0,Elev,8,  arrived at dest, -1, this call is done!, Elevator call,816.1516998,7,-1,3,8, Done, dt, 14.84830020000004
838.0,Elev,2,  arrived at src, 7, Elevator call,825.4575185,7,0,2,2
838.0, elevID,2,  pos,7,  cmd, goto,0
840.0,Elevator call,839.8525653,0,1,1,6, got allocated to elevator, 6
840.0, elevID,6,  pos,-2,  cmd, goto,0
850.0,Elev,2,  arrived at dest, 0, this call is done!, Elevator call,825.4575185,7,0,3,2, Done, dt, 24.542481500000008
852.0,Elev,6,  arrived at src, 0, Elevator call,839.8525653,0,1,2,6
852.0, elevID,6,  pos,0,  cmd, goto,1
855.0,Elevator call,854.2002278,6,-1,1,7, got allocated to elevator, 7
855.0, elevID,7,  pos,0,  cmd, goto,6
862.0,Elev,7,  arrived at src, 6, Elevator call,854.2002278,6,-1,2,7
862.0, elevID,7,  pos,6,  cmd, goto,-1
863.0,Elev,6,  arrived at dest, 1, this call is done!, Elevator call,839.8525653,0,1,3,6, Done, dt, 23.147434699999963
864.0,Elevator call,863.8932913,0,-1,1,3, got allocated to elevator, 3
864.0,Elev,3,  arrived at src, 0, Elevator call,863.8932913,0,-1,2,3
864.0, elevID,3,  pos,0,  cmd, goto,-1
869.0,Elev,7,  arrived at dest, -1, this call is done!, Elevator call,854.2002278,6,-1,3,7, Done, dt, 14.799772200000007
871.0,Elevator call,870.5053024,0,7,1,1, got allocated to elevator, 1
871.0, elevID,1,  pos,-1,  cmd, goto,0
875.0,Elev,3,  arrived at dest, -1, this call is done!, Elevator call,863.8932913,0,-1,3,3, Done, dt, 11.106708700000013
879.0,Elev,1,  arrived at src, 0, Elevator call,870.5053024,0,7,2,1
879.0, elevID,1,  pos,0,  cmd, goto,7
887.0,Elevator call,886.5649993,-1,-2,1,5, got allocated to elevator, 5
887.0, elevID,5,  pos,0,  cmd, goto,-1
888.0,Elev,1,  arrived at dest, 7, this call is done!, Elevator call,870.5053024,0,7,3,1, Done, dt, 17.494697599999995
893.0,Elevator call,892.5212151,9,-1,1,9, got allocated to elevator, 9
893.0, elevID,9,  pos,5,  cmd, goto,9
898.0,Elev,5,  arrived at src, -1, Elevator call,886.5649993,-1,-2,2,5
898.0, elevID,5,  pos,-1,  cmd, goto,-2
905.0,Elev,9,  arrived at src, 9, Elevator call,892.5212151,9,-1,2,9
905.0, elevID,9,  pos,9,  cmd, goto,-1
909.0,Elev,5,  arrived at dest, -2, this call is done!, Elevator call,886.5649993,-1,-2,3,5, Done, dt, 22.435000700000046
911.0,Elevator call,910.5388559,6,5,1,0, got allocated to elevator, 0
911.0, elevID,0,  pos,0,  cmd, goto,6
916.0,Elevator call,915.9490575,4,-1,1,8, got allocated to elevator, 8
916.0, elevID,8,  pos,-1,  cmd, goto,4
918.0,Elev,0,  arrived at src, 6, Elevator call,910.5388559,6,5,2,0
918.0, elevID,0,  pos,6,  cmd, goto,5
920.0,Elev,9,  arrived at dest, -1, this call is done!, Elevator call,892.5212151,9,-1,3,9, Done, dt, 27.47878490000005
923.0,Elev,8,  arrived at src, 4, Elevator call,915.9490575,4,-1,2,8
923.0, elevID,8,  pos,4,  cmd, goto,-1
924.0,Elev,0,  arrived at dest, 5, this call is done!, Elevator call,910.5388559,6,5,3,0, Done, dt, 13.461144099999956
930.0,Elev,8,  arrived at dest, -1, this call is done!, Elevator call,915.9490575,4,-1,3,8, Done, dt, 14.05094250000002
934.0,Elevator call,933.8580452,7,5,1,4, got allocated to elevator, 4
934.0, elevID,4,  pos,-2,  cmd, goto,7
947.0,Elev,4,  arrived at src, 7, Elevator call,933.8580452,7,5,2,4
947.0, elevID,4,  pos,7,  cmd, goto,5
958.0,Elev,4,  arrived at dest, 5, this call is done!, Elevator call,933.8580452,7,5,3,4, Done, dt, 24.141954800000008
962.0,Elevator call,961.6862856,6,-1,1,2, got allocated to elevator, 2
962.0, elevID,2,  pos,0,  cmd, goto,6
973.0,Elevator call,972.8032126,1,0,1,6, got allocated to elevator, 6
973.0,Elev,6,  arrived at src, 1, Elevator call,972.8032126,1,0,2,6
973.0, elevID,6,  pos,1,  cmd, goto,0
974.0,Elev,2,  arrived at src, 6, Elevator call,961.6862856,6,-1,2,2
974.0, elevID,2,  pos,6,  cmd, goto,-1
976.0,Elevator call,975.8361203,0,-1,1,7, got allocated to elevator, 7
976.0, elevID,7,  pos,-1,  cmd, goto,0
979.0,Elevator call,978.5925149,10,0,1,3, got allocated to elevator, 3
979.0,Elevator call,978.6210501,10,-1,1,1, got allocated to elevator, 1
979.0, elevID,1,  pos,7,  cmd, goto,10
979.0, elevID,3,  pos,-1,  cmd, goto,10
982.0,Elev,7,  arrived at src, 0, Elevator call,975.8361203,0,-1,2,7
982.0, elevID,7,  pos,0,  cmd, goto,-1
984.0,Elev,6,  arrived at dest, 0, this call is done!, Elevator call,972.8032126,1,0,3,6, Done, dt, 11.196787399999948
985.0,Elevator call,984.1840186,7,0,1,5, got allocated to elevator, 5
985.0, elevID,5,  pos,-2,  cmd, goto,7
986.0,Elev,2,  arrived at dest, -1, this call is done!, Elevator call,961.6862856,6,-1,3,2, Done, dt, 24.31371439999998
987.0,Elev,1,  arrived at src, 10, Elevator call,978.6210501,10,-1,2,1
987.0, elevID,1,  pos,10,  cmd, goto,-1
988.0,Elev,7,  arrived at dest, -1, this call is done!, Elevator call,975.8361203,0,-1,3,7, Done, dt, 12.163879700000052
992.0,Elev,3,  arrived at src, 10, Elevator call,978.5925149,10,0,2,3
992.0, elevID,3,  pos,10,  cmd, goto,0
996.0,Elev,1,  arrived at dest, -1, this call is done!, Elevator call,978.6210501,10,-1,3,1, Done, dt, 17.378949899999952
998.0,Elev,5,  arrived at src, 7, Elevator call,984.1840186,7,0,2,5
998.0, elevID,5,  pos,7,  cmd, goto,0
1004.0,Elev,3,  arrived at dest, 0, this call is done!, Elevator call,978.5925149,10,0,3,3, Done, dt, 25.40748510000003
1011.0,Elev,5,  arrived at dest, 0, this call is done!, Elevator call,984.1840186,7,0,3,5, Done, dt, 26.815981400000055
1012.0,************* Simulation Ended ************
Code Owners,318765856,316080514,  Building_file,input\Ex1_Buildings\B5.json,  Calls,out.log
Total waiting time: 1924.0,  average waiting time per call: 19.24,  unCompleted calls,0,  certificate, -440074331
